<?xml version="1.0" encoding="UTF-8"?>
<!-- Generated by org.testng.reporters.JUnitReportReporter -->
<testsuite hostname="LAPTOP-H5UK9J5O" failures="0" tests="2" name="com.test.TC_001_verifyloginPage" time="12.288" errors="0" timestamp="2022-04-05T00:32:19 IST" skipped="0">
  <testcase classname="com.test.TC_001_verifyloginPage" name="TC_001_verifyFBloginTest_Invaliddata" time="5.425"/>
  <system-out/>
  <testcase classname="com.test.TC_001_verifyloginPage" name="TC_001_verifyFBloginTest_Invaliddata" time="6.863"/>
  <system-out/>
</testsuite> <!-- com.test.TC_001_verifyloginPage -->
